        Memory Usage by Core
        ====================

Generated: 05/29/16 11:25:21 for target machine '192.168.240.253'

SDRAM requirements for core (1,0,13) is 1 KB
SDRAM requirements for core (0,0,5) is 0 KB
SDRAM requirements for core (0,0,6) is 0 KB
SDRAM requirements for core (1,1,3) is 1 KB
SDRAM requirements for core (1,1,4) is 3 KB
SDRAM requirements for core (0,0,7) is 0 KB
SDRAM requirements for core (0,0,8) is 0 KB
SDRAM requirements for core (1,1,5) is 1 KB
SDRAM requirements for core (1,1,6) is 3 KB
SDRAM requirements for core (0,0,9) is 0 KB
SDRAM requirements for core (0,0,10) is 0 KB
SDRAM requirements for core (1,0,14) is 3 KB
SDRAM requirements for core (1,1,7) is 1 KB
SDRAM requirements for core (1,1,8) is 3 KB
SDRAM requirements for core (0,0,11) is 0 KB
SDRAM requirements for core (0,0,12) is 0 KB
SDRAM requirements for core (1,1,9) is 1 KB
SDRAM requirements for core (1,1,10) is 3 KB
SDRAM requirements for core (0,0,13) is 0 KB
SDRAM requirements for core (0,0,14) is 0 KB
SDRAM requirements for core (1,1,11) is 1 KB
SDRAM requirements for core (1,1,12) is 3 KB
SDRAM requirements for core (0,0,1) is 0 KB
SDRAM requirements for core (0,0,15) is 0 KB
SDRAM requirements for core (0,0,16) is 0 KB
SDRAM requirements for core (1,1,13) is 1 KB
SDRAM requirements for core (1,1,14) is 3 KB
SDRAM requirements for core (1,0,1) is 0 KB
SDRAM requirements for core (1,0,2) is 0 KB
SDRAM requirements for core (1,1,15) is 1 KB
SDRAM requirements for core (1,1,16) is 3 KB
SDRAM requirements for core (1,0,3) is 0 KB
SDRAM requirements for core (1,0,4) is 0 KB
SDRAM requirements for core (0,0,2) is 0 KB
SDRAM requirements for core (0,1,1) is 1 KB
SDRAM requirements for core (0,1,2) is 3 KB
SDRAM requirements for core (1,0,5) is 0 KB
SDRAM requirements for core (1,0,6) is 0 KB
SDRAM requirements for core (0,1,3) is 1 KB
SDRAM requirements for core (0,1,4) is 3 KB
SDRAM requirements for core (1,0,7) is 0 KB
SDRAM requirements for core (1,0,8) is 0 KB
SDRAM requirements for core (0,1,5) is 1 KB
SDRAM requirements for core (0,1,6) is 3 KB
SDRAM requirements for core (1,0,15) is 1 KB
SDRAM requirements for core (1,0,9) is 0 KB
SDRAM requirements for core (1,0,10) is 0 KB
SDRAM requirements for core (0,1,7) is 1 KB
SDRAM requirements for core (0,1,8) is 3 KB
SDRAM requirements for core (1,0,11) is 0 KB
SDRAM requirements for core (1,0,12) is 0 KB
SDRAM requirements for core (1,0,16) is 3 KB
SDRAM requirements for core (0,0,3) is 0 KB
SDRAM requirements for core (0,0,4) is 0 KB
SDRAM requirements for core (1,1,1) is 1 KB
SDRAM requirements for core (1,1,2) is 3 KB
**** Chip: (0, 0) has total memory usage of 10 KB out of a max of 128 MB 

**** Chip: (1, 0) has total memory usage of 16 KB out of a max of 128 MB 

**** Chip: (1, 1) has total memory usage of 35 KB out of a max of 128 MB 

**** Chip: (0, 1) has total memory usage of 17 KB out of a max of 128 MB 

