router contains 18 entries 
 
  Index   Key(hex)    Mask(hex)    Route(hex)    Src. Core -> [Cores][Links]
------------------------------------------------------------------------------
    0     014       ffffffff      010         (0, 0, 0)      [] [SW]
    1     01a       ffffffff      010         (0, 0, 0)      [] [SW]
    2     016       ffffffff      010         (0, 0, 0)      [] [SW]
    3     019       ffffffff      010         (0, 0, 0)      [] [SW]
    4     010       ffffffff      020         (0, 0, 0)      [] [S]
    5     01c       ffffffff      100         (0, 0, 0)      [14] []
    6     01       ffffffff      100         (0, 0, 0)      [14] []
    7     012       ffffffff      020         (0, 0, 0)      [] [S]
    8     03       ffffffff      400         (0, 0, 0)      [16] []
    9     01d       ffffffff      400         (0, 0, 0)      [16] []
    10     018       ffffffff      010         (0, 0, 0)      [] [SW]
    11     015       ffffffff      010         (0, 0, 0)      [] [SW]
    12     00       ffffffff      80         (0, 0, 0)      [13] []
    13     013       ffffffff      020         (0, 0, 0)      [] [S]
    14     011       ffffffff      020         (0, 0, 0)      [] [S]
    15     01b       ffffffff      010         (0, 0, 0)      [] [SW]
    16     02       ffffffff      200         (0, 0, 0)      [15] []
    17     017       ffffffff      010         (0, 0, 0)      [] [SW]
