router contains 24 entries 
 
  Index   Key(hex)    Mask(hex)    Route(hex)    Src. Core -> [Cores][Links]
------------------------------------------------------------------------------
    0     0e       ffffffff      20         (0, 0, 0)      [11] []
    1     07       ffffffff      0400         (0, 0, 0)      [4] []
    2     01e       ffffffff      0100         (0, 0, 0)      [2] []
    3     010       ffffffff      80         (0, 0, 0)      [13] []
    4     024       ffffffff      100         (0, 0, 0)      [14] []
    5     0a       ffffffff      02000         (0, 0, 0)      [7] []
    6     0d       ffffffff      10         (0, 0, 0)      [10] []
    7     0b       ffffffff      04000         (0, 0, 0)      [8] []
    8     021       ffffffff      04000         (0, 0, 0)      [8] []
    9     025       ffffffff      400         (0, 0, 0)      [16] []
    10     023       ffffffff      40         (0, 0, 0)      [12] []
    11     06       ffffffff      0200         (0, 0, 0)      [3] []
    12     013       ffffffff      400         (0, 0, 0)      [16] []
    13     05       ffffffff      0100         (0, 0, 0)      [2] []
    14     0c       ffffffff      08000         (0, 0, 0)      [9] []
    15     01f       ffffffff      0400         (0, 0, 0)      [4] []
    16     04       ffffffff      080         (0, 0, 0)      [1] []
    17     020       ffffffff      01000         (0, 0, 0)      [6] []
    18     011       ffffffff      100         (0, 0, 0)      [14] []
    19     0f       ffffffff      40         (0, 0, 0)      [12] []
    20     012       ffffffff      200         (0, 0, 0)      [15] []
    21     022       ffffffff      10         (0, 0, 0)      [10] []
    22     09       ffffffff      01000         (0, 0, 0)      [6] []
    23     08       ffffffff      0800         (0, 0, 0)      [5] []
